<?xml version="1.0" encoding="UTF-8"?>
<testsuite name="BinStringTestOriginal" tests="3" skipped="0" failures="0" errors="0" timestamp="2023-11-08T21:33:38" hostname="DESKTOP-SBAA5DN" time="0.02">
  <properties/>
  <testcase name="testSumFunction()" classname="BinStringTestOriginal" time="0.012"/>
  <testcase name="testTotalConversion()" classname="BinStringTestOriginal" time="0.006"/>
  <testcase name="testBinariseFunction()" classname="BinStringTestOriginal" time="0.001"/>
  <system-out><![CDATA[]]></system-out>
  <system-err><![CDATA[]]></system-err>
</testsuite>
